<?xml version="1.0" encoding="UTF-8" ?>
<testsuite tests="1" failures="0" name="com.heider.service.CalculatorServiceTest" time="0.111" errors="0" skipped="0">
  <properties>
    <property name="java.runtime.name" value="Java(TM) SE Runtime Environment"/>
    <property name="sun.boot.library.path" value="/usr/lib/jvm/java-8-oracle/jre/lib/amd64"/>
    <property name="java.vm.version" value="25.144-b01"/>
    <property name="java.vm.vendor" value="Oracle Corporation"/>
    <property name="java.vendor.url" value="http://java.oracle.com/"/>
    <property name="path.separator" value=":"/>
    <property name="java.vm.name" value="Java HotSpot(TM) 64-Bit Server VM"/>
    <property name="file.encoding.pkg" value="sun.io"/>
    <property name="user.country" value="US"/>
    <property name="sun.java.launcher" value="SUN_STANDARD"/>
    <property name="sun.os.patch.level" value="unknown"/>
    <property name="java.vm.specification.name" value="Java Virtual Machine Specification"/>
    <property name="user.dir" value="/home/hgalvis/IdeaProjects/javaee7"/>
    <property name="java.runtime.version" value="1.8.0_144-b01"/>
    <property name="java.awt.graphicsenv" value="sun.awt.X11GraphicsEnvironment"/>
    <property name="basedir" value="/home/hgalvis/IdeaProjects/javaee7"/>
    <property name="java.endorsed.dirs" value="/usr/lib/jvm/java-8-oracle/jre/lib/endorsed"/>
    <property name="os.arch" value="amd64"/>
    <property name="surefire.real.class.path" value="/tmp/surefirebooter7090068150012906470.jar"/>
    <property name="java.io.tmpdir" value="/tmp"/>
    <property name="line.separator" value="
"/>
    <property name="java.vm.specification.vendor" value="Oracle Corporation"/>
    <property name="os.name" value="Linux"/>
    <property name="sun.jnu.encoding" value="UTF-8"/>
    <property name="java.library.path" value="/home/hgalvis/idea/bin:/home/hgalvis/idea/bin::/usr/java/packages/lib/amd64:/usr/lib64:/lib64:/lib:/usr/lib"/>
    <property name="surefire.test.class.path" value="/home/hgalvis/IdeaProjects/javaee7/target/test-classes:/home/hgalvis/IdeaProjects/javaee7/target/classes:/home/hgalvis/.m2/repository/javax/javaee-api/7.0/javaee-api-7.0.jar:/home/hgalvis/.m2/repository/com/sun/mail/javax.mail/1.5.3/javax.mail-1.5.3.jar:/home/hgalvis/.m2/repository/javax/activation/activation/1.1.1/activation-1.1.1.jar:/home/hgalvis/.m2/repository/junit/junit/4.12/junit-4.12.jar:/home/hgalvis/.m2/repository/org/hamcrest/hamcrest-core/1.3/hamcrest-core-1.3.jar:/home/hgalvis/.m2/repository/org/hamcrest/hamcrest-library/1.3/hamcrest-library-1.3.jar:/home/hgalvis/.m2/repository/org/mockito/mockito-all/1.9.5/mockito-all-1.9.5.jar:/home/hgalvis/.m2/repository/org/apache/velocity/velocity/1.7/velocity-1.7.jar:/home/hgalvis/.m2/repository/commons-collections/commons-collections/3.2.1/commons-collections-3.2.1.jar:/home/hgalvis/.m2/repository/commons-lang/commons-lang/2.4/commons-lang-2.4.jar:/home/hgalvis/.m2/repository/org/apache/velocity/velocity-tools/2.0/velocity-tools-2.0.jar:/home/hgalvis/.m2/repository/commons-beanutils/commons-beanutils/1.7.0/commons-beanutils-1.7.0.jar:/home/hgalvis/.m2/repository/commons-digester/commons-digester/1.8/commons-digester-1.8.jar:/home/hgalvis/.m2/repository/commons-chain/commons-chain/1.1/commons-chain-1.1.jar:/home/hgalvis/.m2/repository/commons-logging/commons-logging/1.1/commons-logging-1.1.jar:/home/hgalvis/.m2/repository/javax/servlet/servlet-api/2.3/servlet-api-2.3.jar:/home/hgalvis/.m2/repository/commons-validator/commons-validator/1.3.1/commons-validator-1.3.1.jar:/home/hgalvis/.m2/repository/dom4j/dom4j/1.1/dom4j-1.1.jar:/home/hgalvis/.m2/repository/oro/oro/2.0.8/oro-2.0.8.jar:/home/hgalvis/.m2/repository/sslext/sslext/1.2-0/sslext-1.2-0.jar:/home/hgalvis/.m2/repository/org/apache/struts/struts-core/1.3.8/struts-core-1.3.8.jar:/home/hgalvis/.m2/repository/org/apache/struts/struts-taglib/1.3.8/struts-taglib-1.3.8.jar:/home/hgalvis/.m2/repository/org/apache/struts/struts-tiles/1.3.8/struts-tiles-1.3.8.jar:/home/hgalvis/.m2/repository/com/github/everit-org/json-schema/org.everit.json.schema/1.6.0/org.everit.json.schema-1.6.0.jar:/home/hgalvis/.m2/repository/org/json/json/20170516/json-20170516.jar:/home/hgalvis/.m2/repository/com/google/guava/guava/22.0/guava-22.0.jar:/home/hgalvis/.m2/repository/com/google/code/findbugs/jsr305/1.3.9/jsr305-1.3.9.jar:/home/hgalvis/.m2/repository/com/google/errorprone/error_prone_annotations/2.0.18/error_prone_annotations-2.0.18.jar:/home/hgalvis/.m2/repository/com/google/j2objc/j2objc-annotations/1.1/j2objc-annotations-1.1.jar:/home/hgalvis/.m2/repository/org/codehaus/mojo/animal-sniffer-annotations/1.14/animal-sniffer-annotations-1.14.jar:/home/hgalvis/.m2/repository/com/damnhandy/handy-uri-templates/2.1.6/handy-uri-templates-2.1.6.jar:/home/hgalvis/.m2/repository/joda-time/joda-time/2.9.4/joda-time-2.9.4.jar:/home/hgalvis/.m2/repository/org/hibernate/javax/persistence/hibernate-jpa-2.1-api/1.0.0.Final/hibernate-jpa-2.1-api-1.0.0.Final.jar:/home/hgalvis/.m2/repository/org/hibernate/hibernate-core/5.0.10.Final/hibernate-core-5.0.10.Final.jar:/home/hgalvis/.m2/repository/org/jboss/logging/jboss-logging/3.3.0.Final/jboss-logging-3.3.0.Final.jar:/home/hgalvis/.m2/repository/org/javassist/javassist/3.18.1-GA/javassist-3.18.1-GA.jar:/home/hgalvis/.m2/repository/antlr/antlr/2.7.7/antlr-2.7.7.jar:/home/hgalvis/.m2/repository/org/apache/geronimo/specs/geronimo-jta_1.1_spec/1.1.1/geronimo-jta_1.1_spec-1.1.1.jar:/home/hgalvis/.m2/repository/org/jboss/jandex/2.0.0.Final/jandex-2.0.0.Final.jar:/home/hgalvis/.m2/repository/org/hibernate/common/hibernate-commons-annotations/5.0.1.Final/hibernate-commons-annotations-5.0.1.Final.jar:/home/hgalvis/.m2/repository/org/hibernate/hibernate-entitymanager/5.0.10.Final/hibernate-entitymanager-5.0.10.Final.jar:/home/hgalvis/.m2/repository/io/swagger/swagger-jaxrs2/2.0.0-rc1/swagger-jaxrs2-2.0.0-rc1.jar:/home/hgalvis/.m2/repository/org/glassfish/jersey/core/jersey-server/2.19/jersey-server-2.19.jar:/home/hgalvis/.m2/repository/org/glassfish/jersey/core/jersey-client/2.19/jersey-client-2.19.jar:/home/hgalvis/.m2/repository/org/glassfish/jersey/media/jersey-media-jaxb/2.19/jersey-media-jaxb-2.19.jar:/home/hgalvis/.m2/repository/javax/annotation/javax.annotation-api/1.2/javax.annotation-api-1.2.jar:/home/hgalvis/.m2/repository/org/glassfish/hk2/hk2-api/2.4.0-b25/hk2-api-2.4.0-b25.jar:/home/hgalvis/.m2/repository/org/glassfish/hk2/hk2-utils/2.4.0-b25/hk2-utils-2.4.0-b25.jar:/home/hgalvis/.m2/repository/org/glassfish/hk2/external/aopalliance-repackaged/2.4.0-b25/aopalliance-repackaged-2.4.0-b25.jar:/home/hgalvis/.m2/repository/org/glassfish/hk2/hk2-locator/2.4.0-b25/hk2-locator-2.4.0-b25.jar:/home/hgalvis/.m2/repository/javax/validation/validation-api/1.1.0.Final/validation-api-1.1.0.Final.jar:/home/hgalvis/.m2/repository/com/fasterxml/jackson/core/jackson-databind/2.8.9/jackson-databind-2.8.9.jar:/home/hgalvis/.m2/repository/com/fasterxml/jackson/core/jackson-core/2.8.9/jackson-core-2.8.9.jar:/home/hgalvis/.m2/repository/org/reflections/reflections/0.9.11/reflections-0.9.11.jar:/home/hgalvis/.m2/repository/io/swagger/swagger-models/2.0.0-rc1/swagger-models-2.0.0-rc1.jar:/home/hgalvis/.m2/repository/com/fasterxml/jackson/core/jackson-annotations/2.8.0/jackson-annotations-2.8.0.jar:/home/hgalvis/.m2/repository/io/swagger/swagger-annotations/2.0.0-rc1/swagger-annotations-2.0.0-rc1.jar:/home/hgalvis/.m2/repository/io/swagger/swagger-integration/2.0.0-rc1/swagger-integration-2.0.0-rc1.jar:/home/hgalvis/.m2/repository/io/swagger/swagger-core/2.0.0-rc1/swagger-core-2.0.0-rc1.jar:/home/hgalvis/.m2/repository/org/apache/commons/commons-lang3/3.2.1/commons-lang3-3.2.1.jar:/home/hgalvis/.m2/repository/org/slf4j/slf4j-api/1.7.7/slf4j-api-1.7.7.jar:/home/hgalvis/.m2/repository/com/fasterxml/jackson/dataformat/jackson-dataformat-yaml/2.8.9/jackson-dataformat-yaml-2.8.9.jar:/home/hgalvis/.m2/repository/org/yaml/snakeyaml/1.17/snakeyaml-1.17.jar:/home/hgalvis/.m2/repository/org/glassfish/jersey/containers/jersey-container-servlet-core/2.19/jersey-container-servlet-core-2.19.jar:/home/hgalvis/.m2/repository/org/glassfish/hk2/external/javax.inject/2.4.0-b25/javax.inject-2.4.0-b25.jar:/home/hgalvis/.m2/repository/org/glassfish/jersey/core/jersey-common/2.19/jersey-common-2.19.jar:/home/hgalvis/.m2/repository/org/glassfish/jersey/bundles/repackaged/jersey-guava/2.19/jersey-guava-2.19.jar:/home/hgalvis/.m2/repository/org/glassfish/hk2/osgi-resource-locator/1.0.1/osgi-resource-locator-1.0.1.jar:/home/hgalvis/.m2/repository/javax/ws/rs/javax.ws.rs-api/2.0.1/javax.ws.rs-api-2.0.1.jar:"/>
    <property name="java.specification.name" value="Java Platform API Specification"/>
    <property name="java.class.version" value="52.0"/>
    <property name="sun.management.compiler" value="HotSpot 64-Bit Tiered Compilers"/>
    <property name="os.version" value="4.10.0-37-generic"/>
    <property name="user.home" value="/home/hgalvis"/>
    <property name="user.timezone" value=""/>
    <property name="java.awt.printerjob" value="sun.print.PSPrinterJob"/>
    <property name="file.encoding" value="UTF-8"/>
    <property name="java.specification.version" value="1.8"/>
    <property name="user.name" value="hgalvis"/>
    <property name="java.class.path" value="/home/hgalvis/IdeaProjects/javaee7/target/test-classes:/home/hgalvis/IdeaProjects/javaee7/target/classes:/home/hgalvis/.m2/repository/javax/javaee-api/7.0/javaee-api-7.0.jar:/home/hgalvis/.m2/repository/com/sun/mail/javax.mail/1.5.3/javax.mail-1.5.3.jar:/home/hgalvis/.m2/repository/javax/activation/activation/1.1.1/activation-1.1.1.jar:/home/hgalvis/.m2/repository/junit/junit/4.12/junit-4.12.jar:/home/hgalvis/.m2/repository/org/hamcrest/hamcrest-core/1.3/hamcrest-core-1.3.jar:/home/hgalvis/.m2/repository/org/hamcrest/hamcrest-library/1.3/hamcrest-library-1.3.jar:/home/hgalvis/.m2/repository/org/mockito/mockito-all/1.9.5/mockito-all-1.9.5.jar:/home/hgalvis/.m2/repository/org/apache/velocity/velocity/1.7/velocity-1.7.jar:/home/hgalvis/.m2/repository/commons-collections/commons-collections/3.2.1/commons-collections-3.2.1.jar:/home/hgalvis/.m2/repository/commons-lang/commons-lang/2.4/commons-lang-2.4.jar:/home/hgalvis/.m2/repository/org/apache/velocity/velocity-tools/2.0/velocity-tools-2.0.jar:/home/hgalvis/.m2/repository/commons-beanutils/commons-beanutils/1.7.0/commons-beanutils-1.7.0.jar:/home/hgalvis/.m2/repository/commons-digester/commons-digester/1.8/commons-digester-1.8.jar:/home/hgalvis/.m2/repository/commons-chain/commons-chain/1.1/commons-chain-1.1.jar:/home/hgalvis/.m2/repository/commons-logging/commons-logging/1.1/commons-logging-1.1.jar:/home/hgalvis/.m2/repository/javax/servlet/servlet-api/2.3/servlet-api-2.3.jar:/home/hgalvis/.m2/repository/commons-validator/commons-validator/1.3.1/commons-validator-1.3.1.jar:/home/hgalvis/.m2/repository/dom4j/dom4j/1.1/dom4j-1.1.jar:/home/hgalvis/.m2/repository/oro/oro/2.0.8/oro-2.0.8.jar:/home/hgalvis/.m2/repository/sslext/sslext/1.2-0/sslext-1.2-0.jar:/home/hgalvis/.m2/repository/org/apache/struts/struts-core/1.3.8/struts-core-1.3.8.jar:/home/hgalvis/.m2/repository/org/apache/struts/struts-taglib/1.3.8/struts-taglib-1.3.8.jar:/home/hgalvis/.m2/repository/org/apache/struts/struts-tiles/1.3.8/struts-tiles-1.3.8.jar:/home/hgalvis/.m2/repository/com/github/everit-org/json-schema/org.everit.json.schema/1.6.0/org.everit.json.schema-1.6.0.jar:/home/hgalvis/.m2/repository/org/json/json/20170516/json-20170516.jar:/home/hgalvis/.m2/repository/com/google/guava/guava/22.0/guava-22.0.jar:/home/hgalvis/.m2/repository/com/google/code/findbugs/jsr305/1.3.9/jsr305-1.3.9.jar:/home/hgalvis/.m2/repository/com/google/errorprone/error_prone_annotations/2.0.18/error_prone_annotations-2.0.18.jar:/home/hgalvis/.m2/repository/com/google/j2objc/j2objc-annotations/1.1/j2objc-annotations-1.1.jar:/home/hgalvis/.m2/repository/org/codehaus/mojo/animal-sniffer-annotations/1.14/animal-sniffer-annotations-1.14.jar:/home/hgalvis/.m2/repository/com/damnhandy/handy-uri-templates/2.1.6/handy-uri-templates-2.1.6.jar:/home/hgalvis/.m2/repository/joda-time/joda-time/2.9.4/joda-time-2.9.4.jar:/home/hgalvis/.m2/repository/org/hibernate/javax/persistence/hibernate-jpa-2.1-api/1.0.0.Final/hibernate-jpa-2.1-api-1.0.0.Final.jar:/home/hgalvis/.m2/repository/org/hibernate/hibernate-core/5.0.10.Final/hibernate-core-5.0.10.Final.jar:/home/hgalvis/.m2/repository/org/jboss/logging/jboss-logging/3.3.0.Final/jboss-logging-3.3.0.Final.jar:/home/hgalvis/.m2/repository/org/javassist/javassist/3.18.1-GA/javassist-3.18.1-GA.jar:/home/hgalvis/.m2/repository/antlr/antlr/2.7.7/antlr-2.7.7.jar:/home/hgalvis/.m2/repository/org/apache/geronimo/specs/geronimo-jta_1.1_spec/1.1.1/geronimo-jta_1.1_spec-1.1.1.jar:/home/hgalvis/.m2/repository/org/jboss/jandex/2.0.0.Final/jandex-2.0.0.Final.jar:/home/hgalvis/.m2/repository/org/hibernate/common/hibernate-commons-annotations/5.0.1.Final/hibernate-commons-annotations-5.0.1.Final.jar:/home/hgalvis/.m2/repository/org/hibernate/hibernate-entitymanager/5.0.10.Final/hibernate-entitymanager-5.0.10.Final.jar:/home/hgalvis/.m2/repository/io/swagger/swagger-jaxrs2/2.0.0-rc1/swagger-jaxrs2-2.0.0-rc1.jar:/home/hgalvis/.m2/repository/org/glassfish/jersey/core/jersey-server/2.19/jersey-server-2.19.jar:/home/hgalvis/.m2/repository/org/glassfish/jersey/core/jersey-client/2.19/jersey-client-2.19.jar:/home/hgalvis/.m2/repository/org/glassfish/jersey/media/jersey-media-jaxb/2.19/jersey-media-jaxb-2.19.jar:/home/hgalvis/.m2/repository/javax/annotation/javax.annotation-api/1.2/javax.annotation-api-1.2.jar:/home/hgalvis/.m2/repository/org/glassfish/hk2/hk2-api/2.4.0-b25/hk2-api-2.4.0-b25.jar:/home/hgalvis/.m2/repository/org/glassfish/hk2/hk2-utils/2.4.0-b25/hk2-utils-2.4.0-b25.jar:/home/hgalvis/.m2/repository/org/glassfish/hk2/external/aopalliance-repackaged/2.4.0-b25/aopalliance-repackaged-2.4.0-b25.jar:/home/hgalvis/.m2/repository/org/glassfish/hk2/hk2-locator/2.4.0-b25/hk2-locator-2.4.0-b25.jar:/home/hgalvis/.m2/repository/javax/validation/validation-api/1.1.0.Final/validation-api-1.1.0.Final.jar:/home/hgalvis/.m2/repository/com/fasterxml/jackson/core/jackson-databind/2.8.9/jackson-databind-2.8.9.jar:/home/hgalvis/.m2/repository/com/fasterxml/jackson/core/jackson-core/2.8.9/jackson-core-2.8.9.jar:/home/hgalvis/.m2/repository/org/reflections/reflections/0.9.11/reflections-0.9.11.jar:/home/hgalvis/.m2/repository/io/swagger/swagger-models/2.0.0-rc1/swagger-models-2.0.0-rc1.jar:/home/hgalvis/.m2/repository/com/fasterxml/jackson/core/jackson-annotations/2.8.0/jackson-annotations-2.8.0.jar:/home/hgalvis/.m2/repository/io/swagger/swagger-annotations/2.0.0-rc1/swagger-annotations-2.0.0-rc1.jar:/home/hgalvis/.m2/repository/io/swagger/swagger-integration/2.0.0-rc1/swagger-integration-2.0.0-rc1.jar:/home/hgalvis/.m2/repository/io/swagger/swagger-core/2.0.0-rc1/swagger-core-2.0.0-rc1.jar:/home/hgalvis/.m2/repository/org/apache/commons/commons-lang3/3.2.1/commons-lang3-3.2.1.jar:/home/hgalvis/.m2/repository/org/slf4j/slf4j-api/1.7.7/slf4j-api-1.7.7.jar:/home/hgalvis/.m2/repository/com/fasterxml/jackson/dataformat/jackson-dataformat-yaml/2.8.9/jackson-dataformat-yaml-2.8.9.jar:/home/hgalvis/.m2/repository/org/yaml/snakeyaml/1.17/snakeyaml-1.17.jar:/home/hgalvis/.m2/repository/org/glassfish/jersey/containers/jersey-container-servlet-core/2.19/jersey-container-servlet-core-2.19.jar:/home/hgalvis/.m2/repository/org/glassfish/hk2/external/javax.inject/2.4.0-b25/javax.inject-2.4.0-b25.jar:/home/hgalvis/.m2/repository/org/glassfish/jersey/core/jersey-common/2.19/jersey-common-2.19.jar:/home/hgalvis/.m2/repository/org/glassfish/jersey/bundles/repackaged/jersey-guava/2.19/jersey-guava-2.19.jar:/home/hgalvis/.m2/repository/org/glassfish/hk2/osgi-resource-locator/1.0.1/osgi-resource-locator-1.0.1.jar:/home/hgalvis/.m2/repository/javax/ws/rs/javax.ws.rs-api/2.0.1/javax.ws.rs-api-2.0.1.jar:"/>
    <property name="java.vm.specification.version" value="1.8"/>
    <property name="sun.arch.data.model" value="64"/>
    <property name="java.home" value="/usr/lib/jvm/java-8-oracle/jre"/>
    <property name="sun.java.command" value="/tmp/surefirebooter7090068150012906470.jar /tmp/surefire6932312897367381952tmp /tmp/surefire283329164323833065tmp"/>
    <property name="java.specification.vendor" value="Oracle Corporation"/>
    <property name="user.language" value="en"/>
    <property name="awt.toolkit" value="sun.awt.X11.XToolkit"/>
    <property name="java.vm.info" value="mixed mode"/>
    <property name="java.version" value="1.8.0_144"/>
    <property name="java.ext.dirs" value="/usr/lib/jvm/java-8-oracle/jre/lib/ext:/usr/java/packages/lib/ext"/>
    <property name="sun.boot.class.path" value="/usr/lib/jvm/java-8-oracle/jre/lib/resources.jar:/usr/lib/jvm/java-8-oracle/jre/lib/rt.jar:/usr/lib/jvm/java-8-oracle/jre/lib/sunrsasign.jar:/usr/lib/jvm/java-8-oracle/jre/lib/jsse.jar:/usr/lib/jvm/java-8-oracle/jre/lib/jce.jar:/usr/lib/jvm/java-8-oracle/jre/lib/charsets.jar:/usr/lib/jvm/java-8-oracle/jre/lib/jfr.jar:/usr/lib/jvm/java-8-oracle/jre/classes"/>
    <property name="java.vendor" value="Oracle Corporation"/>
    <property name="localRepository" value="/home/hgalvis/.m2/repository"/>
    <property name="file.separator" value="/"/>
    <property name="java.vendor.url.bug" value="http://bugreport.sun.com/bugreport/"/>
    <property name="sun.cpu.endian" value="little"/>
    <property name="sun.io.unicode.encoding" value="UnicodeLittle"/>
    <property name="sun.desktop" value="gnome"/>
    <property name="sun.cpu.isalist" value=""/>
  </properties>
  <testcase classname="com.heider.service.CalculatorServiceTest" name="doubleOf" time="0.09"/>
</testsuite>